<?xml version="1.0" encoding="UTF-8"?>
<!-- Generated by org.testng.reporters.JUnitReportReporter -->
<testsuite skipped="0" hostname="LAPTOP-JI39TH39" name="week2.assignments.TC001EditLead" tests="1" failures="0" timestamp="2019-08-24T12:37:45 IST" time="79.317" errors="0">
  <testcase name="editLead" time="79.317" classname="week2.assignments.TC001EditLead"/>
</testsuite> <!-- week2.assignments.TC001EditLead -->
