<?xml version="1.0" encoding="UTF-8"?>
<!-- Generated by org.testng.reporters.JUnitReportReporter -->
<testsuite skipped="0" hostname="LAPTOP-JI39TH39" name="week2.day1.TC001LoginAndCreateLead" tests="1" failures="0" timestamp="2019-08-24T12:37:45 IST" time="59.932" errors="0">
  <testcase name="CreateLead" time="59.932" classname="week2.day1.TC001LoginAndCreateLead"/>
</testsuite> <!-- week2.day1.TC001LoginAndCreateLead -->
