<?xml version="1.0" encoding="UTF-8"?>
<!-- Generated by org.testng.reporters.JUnitReportReporter -->
<testsuite skipped="0" hostname="LAPTOP-JI39TH39" name="week5.day2.CreateLead" tests="3" failures="0" timestamp="2019-08-29T22:23:38 IST" time="125.858" errors="0">
  <testcase name="createLead" time="26.155" classname="week5.day2.CreateLead"/>
  <testcase name="createLead" time="48.053" classname="week5.day2.CreateLead"/>
  <testcase name="createLead" time="51.650" classname="week5.day2.CreateLead"/>
</testsuite> <!-- week5.day2.CreateLead -->
