<?xml version="1.0" encoding="UTF-8"?>
<!-- Generated by org.testng.reporters.JUnitReportReporter -->
<testsuite skipped="0" hostname="LAPTOP-JI39TH39" name="runner.RunnerTest" tests="2" failures="0" timestamp="2019-09-20T14:34:57 IST" time="53.432" errors="0">
  <testcase name="runScenario" time="23.312" classname="runner.RunnerTest"/>
  <testcase name="runScenario" time="30.120" classname="runner.RunnerTest"/>
</testsuite> <!-- runner.RunnerTest -->
