<?xml version="1.0" encoding="UTF-8"?>
<!-- Generated by org.testng.reporters.JUnitReportReporter -->
<testsuite skipped="0" hostname="LAPTOP-JI39TH39" name="org.testleaf.leaftaps.testcases.CreateLead_POM" tests="1" failures="0" timestamp="08 Sep 2019 05:53:25 GMT" time="40.305" errors="0">
  <testcase name="TC002CreateLead" time="40.305" classname="org.testleaf.leaftaps.testcases.CreateLead_POM"/>
</testsuite> <!-- org.testleaf.leaftaps.testcases.CreateLead_POM -->
