<?xml version="1.0" encoding="UTF-8"?>
<!-- Generated by org.testng.reporters.JUnitReportReporter -->
<testsuite skipped="0" hostname="LAPTOP-JI39TH39" name="org.testleaf.leaftaps.testcases.TC002CreateLead" tests="1" failures="0" timestamp="08 Sep 2019 05:55:53 GMT" time="23.068" errors="0">
  <testcase name="TC002CreateLead" time="23.068" classname="org.testleaf.leaftaps.testcases.TC002CreateLead"/>
</testsuite> <!-- org.testleaf.leaftaps.testcases.TC002CreateLead -->
